[01m[K/home/wsl/proj/planning_ws/src/dynamic_planning/src/contact_test_fixed.cpp:[m[K In function â€˜[01m[Kint main(int, char**)[m[Kâ€™:
[01m[K/home/wsl/proj/planning_ws/src/dynamic_planning/src/contact_test_fixed.cpp:225:22:[m[K [01;31m[Kerror: [m[Kâ€˜[01m[Ku_[m[Kâ€™ was not declared in this scope
  225 |         viz.vizPoint([01;31m[Ku_[m[K, v_, point_marker);
      |                      [01;31m[K^~[m[K
[01m[K/home/wsl/proj/planning_ws/src/dynamic_planning/src/contact_test_fixed.cpp:225:26:[m[K [01;31m[Kerror: [m[Kâ€˜[01m[Kv_[m[Kâ€™ was not declared in this scope
  225 |         viz.vizPoint(u_, [01;31m[Kv_[m[K, point_marker);
      |                          [01;31m[K^~[m[K
make[2]: *** [CMakeFiles/contact_test_fixed.dir/build.make:63: CMakeFiles/contact_test_fixed.dir/src/contact_test_fixed.cpp.o] Error 1
make[1]: *** [CMakeFiles/Makefile2:1541: CMakeFiles/contact_test_fixed.dir/all] Error 2
make: *** [Makefile:141: all] Error 2
