[01m[K/home/wsl/proj/planning_ws/src/uam_control_interface/src/uam_manager.cpp:[m[K In member function â€˜[01m[Kvoid uam_control::UamManager::takeoff(double)[m[Kâ€™:
[01m[K/home/wsl/proj/planning_ws/src/uam_control_interface/src/uam_manager.cpp:47:9:[m[K [01;31m[Kerror: [m[Kâ€˜[01m[Kset_target_pose[m[Kâ€™ was not declared in this scope
   47 |         [01;31m[Kset_target_pose[m[K(0.0, 0.0, height, 0.0, 0.0);
      |         [01;31m[K^~~~~~~~~~~~~~~[m[K
In file included from [01m[K/opt/ros/noetic/include/ros/ros.h:40[m[K,
                 from [01m[K/home/wsl/proj/planning_ws/src/uam_control_interface/include/uam_manager.h:3[m[K,
                 from [01m[K/home/wsl/proj/planning_ws/src/uam_control_interface/src/uam_manager.cpp:1[m[K:
[01m[K/opt/ros/noetic/include/ros/console.h:351:176:[m[K [01;35m[Kwarning: [m[Kformat not a string literal and no format arguments [[01;35m[K-Wformat-security[m[K]
  351 |     ::ros::console::print(filter, __rosconsole_define_location__loc.logger_, __rosconsole_define_location__loc.level_, __FILE__, __LINE__, __ROSCONSOLE_FUNCTION__, __VA_ARGS__[01;35m[K)[m[K
      |                                                                                                                                                                                [01;35m[K^[m[K
[01m[K/opt/ros/noetic/include/ros/console.h:354:5:[m[K [01;36m[Knote: [m[Kin expansion of macro â€˜[01m[KROSCONSOLE_PRINT_AT_LOCATION_WITH_FILTER[m[Kâ€™
  354 |     [01;36m[KROSCONSOLE_PRINT_AT_LOCATION_WITH_FILTER[m[K(NULL, __VA_ARGS__)
      |     [01;36m[K^~~~~~~~~~~~~~~~~~~~~~~~~~~~~~~~~~~~~~~~[m[K
[01m[K/opt/ros/noetic/include/ros/console.h:390:7:[m[K [01;36m[Knote: [m[Kin expansion of macro â€˜[01m[KROSCONSOLE_PRINT_AT_LOCATION[m[Kâ€™
  390 |       [01;36m[KROSCONSOLE_PRINT_AT_LOCATION[m[K(__VA_ARGS__); \
      |       [01;36m[K^~~~~~~~~~~~~~~~~~~~~~~~~~~~[m[K
[01m[K/opt/ros/noetic/include/ros/console.h:575:35:[m[K [01;36m[Knote: [m[Kin expansion of macro â€˜[01m[KROS_LOG_COND[m[Kâ€™
  575 | #define ROS_LOG(level, name, ...) [01;36m[KROS_LOG_COND[m[K(true, level, name, __VA_ARGS__)
      |                                   [01;36m[K^~~~~~~~~~~~[m[K
[01m[K/opt/ros/noetic/include/rosconsole/macros_generated.h:110:23:[m[K [01;36m[Knote: [m[Kin expansion of macro â€˜[01m[KROS_LOG[m[Kâ€™
  110 | #define ROS_INFO(...) [01;36m[KROS_LOG[m[K(::ros::console::levels::Info, ROSCONSOLE_DEFAULT_NAME, __VA_ARGS__)
      |                       [01;36m[K^~~~~~~[m[K
[01m[K/home/wsl/proj/planning_ws/src/uam_control_interface/src/uam_manager.cpp:65:13:[m[K [01;36m[Knote: [m[Kin expansion of macro â€˜[01m[KROS_INFO[m[Kâ€™
   65 |             [01;36m[KROS_INFO[m[K(current_state_.mode.c_str());
      |             [01;36m[K^~~~~~~~[m[K
[01m[K/home/wsl/proj/planning_ws/src/uam_control_interface/src/uam_manager.cpp:81:9:[m[K [01;31m[Kerror: [m[Kâ€˜[01m[Kset_target_pose[m[Kâ€™ was not declared in this scope
   81 |         [01;31m[Kset_target_pose[m[K(0.0, 0.0, height, 0.0, 0.0);
      |         [01;31m[K^~~~~~~~~~~~~~~[m[K
make[2]: *** [CMakeFiles/uam_manager.dir/build.make:63: CMakeFiles/uam_manager.dir/src/uam_manager.cpp.o] Error 1
make[1]: *** [CMakeFiles/Makefile2:1770: CMakeFiles/uam_manager.dir/all] Error 2
make: *** [Makefile:141: all] Error 2
