[01m[K/home/z017/proj/planning_ws/src/surface_reconstructor/src/test_demo.cpp:[m[K In member function â€˜[01m[Kvoid SurfaceGenerator::cloud_callback(const ConstPtr&)[m[Kâ€™:
[01m[K/home/z017/proj/planning_ws/src/surface_reconstructor/src/test_demo.cpp:39:13:[m[K [01;31m[Kerror: [m[Kâ€˜[01m[Kmesh_pub[m[Kâ€™ was not declared in this scope
   39 |             [01;31m[Kmesh_pub[m[K.publish(mesh_marker);
      |             [01;31m[K^~~~~~~~[m[K
make[2]: *** [CMakeFiles/surface_reconstructor_node_test.dir/build.make:63: CMakeFiles/surface_reconstructor_node_test.dir/src/test_demo.cpp.o] Error 1
make[1]: *** [CMakeFiles/Makefile2:208: CMakeFiles/surface_reconstructor_node_test.dir/all] Error 2
make[1]: *** Waiting for unfinished jobs....
make: *** [Makefile:141: all] Error 2
